2018-12-25 00:04:47,965 [ERROR] com.foxhis.itf.service.impl.PoliceGenernal.run(PoliceGenernal.java:53) - 轮询异常：java.lang.NullPointerException
2018-12-25 00:09:47,967 [ERROR] com.foxhis.itf.service.impl.PoliceGenernal.run(PoliceGenernal.java:53) - 轮询异常：java.lang.NullPointerException
2018-12-25 00:14:47,965 [ERROR] com.foxhis.itf.service.impl.PoliceGenernal.run(PoliceGenernal.java:53) - 轮询异常：java.lang.NullPointerException
2018-12-25 00:19:47,970 [ERROR] com.foxhis.itf.service.impl.PoliceGenernal.run(PoliceGenernal.java:53) - 轮询异常：java.lang.NullPointerException
2018-12-25 00:24:47,972 [ERROR] com.foxhis.itf.service.impl.PoliceGenernal.run(PoliceGenernal.java:53) - 轮询异常：java.lang.NullPointerException
2018-12-25 00:29:47,962 [ERROR] com.foxhis.itf.service.impl.PoliceGenernal.run(PoliceGenernal.java:53) - 轮询异常：java.lang.NullPointerException
2018-12-25 00:34:47,969 [ERROR] com.foxhis.itf.service.impl.PoliceGenernal.run(PoliceGenernal.java:53) - 轮询异常：java.lang.NullPointerException
2018-12-25 00:39:47,964 [ERROR] com.foxhis.itf.service.impl.PoliceGenernal.run(PoliceGenernal.java:53) - 轮询异常：java.lang.NullPointerException
2018-12-25 00:44:47,963 [ERROR] com.foxhis.itf.service.impl.PoliceGenernal.run(PoliceGenernal.java:53) - 轮询异常：java.lang.NullPointerException
2018-12-25 00:49:47,969 [ERROR] com.foxhis.itf.service.impl.PoliceGenernal.run(PoliceGenernal.java:53) - 轮询异常：java.lang.NullPointerException
2018-12-25 00:54:47,969 [ERROR] com.foxhis.itf.service.impl.PoliceGenernal.run(PoliceGenernal.java:53) - 轮询异常：java.lang.NullPointerException
2018-12-25 00:59:47,971 [ERROR] com.foxhis.itf.service.impl.PoliceGenernal.run(PoliceGenernal.java:53) - 轮询异常：java.lang.NullPointerException
2018-12-25 01:04:47,961 [ERROR] com.foxhis.itf.service.impl.PoliceGenernal.run(PoliceGenernal.java:53) - 轮询异常：java.lang.NullPointerException
2018-12-25 01:09:47,963 [ERROR] com.foxhis.itf.service.impl.PoliceGenernal.run(PoliceGenernal.java:53) - 轮询异常：java.lang.NullPointerException
2018-12-25 01:14:47,961 [ERROR] com.foxhis.itf.service.impl.PoliceGenernal.run(PoliceGenernal.java:53) - 轮询异常：java.lang.NullPointerException
2018-12-25 01:19:47,966 [ERROR] com.foxhis.itf.service.impl.PoliceGenernal.run(PoliceGenernal.java:53) - 轮询异常：java.lang.NullPointerException
2018-12-25 01:24:47,970 [ERROR] com.foxhis.itf.service.impl.PoliceGenernal.run(PoliceGenernal.java:53) - 轮询异常：java.lang.NullPointerException
2018-12-25 01:29:47,970 [ERROR] com.foxhis.itf.service.impl.PoliceGenernal.run(PoliceGenernal.java:53) - 轮询异常：java.lang.NullPointerException
2018-12-25 01:34:47,968 [ERROR] com.foxhis.itf.service.impl.PoliceGenernal.run(PoliceGenernal.java:53) - 轮询异常：java.lang.NullPointerException
2018-12-25 01:39:47,967 [ERROR] com.foxhis.itf.service.impl.PoliceGenernal.run(PoliceGenernal.java:53) - 轮询异常：java.lang.NullPointerException
2018-12-25 01:44:47,967 [ERROR] com.foxhis.itf.service.impl.PoliceGenernal.run(PoliceGenernal.java:53) - 轮询异常：java.lang.NullPointerException
2018-12-25 01:49:47,971 [ERROR] com.foxhis.itf.service.impl.PoliceGenernal.run(PoliceGenernal.java:53) - 轮询异常：java.lang.NullPointerException
2018-12-25 01:54:47,968 [ERROR] com.foxhis.itf.service.impl.PoliceGenernal.run(PoliceGenernal.java:53) - 轮询异常：java.lang.NullPointerException
2018-12-25 01:59:47,971 [ERROR] com.foxhis.itf.service.impl.PoliceGenernal.run(PoliceGenernal.java:53) - 轮询异常：java.lang.NullPointerException
2018-12-25 02:04:47,963 [ERROR] com.foxhis.itf.service.impl.PoliceGenernal.run(PoliceGenernal.java:53) - 轮询异常：java.lang.NullPointerException
2018-12-25 02:09:47,969 [ERROR] com.foxhis.itf.service.impl.PoliceGenernal.run(PoliceGenernal.java:53) - 轮询异常：java.lang.NullPointerException
2018-12-25 02:14:47,969 [ERROR] com.foxhis.itf.service.impl.PoliceGenernal.run(PoliceGenernal.java:53) - 轮询异常：java.lang.NullPointerException
2018-12-25 02:19:47,968 [ERROR] com.foxhis.itf.service.impl.PoliceGenernal.run(PoliceGenernal.java:53) - 轮询异常：java.lang.NullPointerException
2018-12-25 02:24:47,962 [ERROR] com.foxhis.itf.service.impl.PoliceGenernal.run(PoliceGenernal.java:53) - 轮询异常：java.lang.NullPointerException
2018-12-25 02:29:47,964 [ERROR] com.foxhis.itf.service.impl.PoliceGenernal.run(PoliceGenernal.java:53) - 轮询异常：java.lang.NullPointerException
2018-12-25 02:34:47,963 [ERROR] com.foxhis.itf.service.impl.PoliceGenernal.run(PoliceGenernal.java:53) - 轮询异常：java.lang.NullPointerException
2018-12-25 02:39:47,968 [ERROR] com.foxhis.itf.service.impl.PoliceGenernal.run(PoliceGenernal.java:53) - 轮询异常：java.lang.NullPointerException
2018-12-25 02:44:47,966 [ERROR] com.foxhis.itf.service.impl.PoliceGenernal.run(PoliceGenernal.java:53) - 轮询异常：java.lang.NullPointerException
2018-12-25 02:49:47,966 [ERROR] com.foxhis.itf.service.impl.PoliceGenernal.run(PoliceGenernal.java:53) - 轮询异常：java.lang.NullPointerException
2018-12-25 02:54:47,970 [ERROR] com.foxhis.itf.service.impl.PoliceGenernal.run(PoliceGenernal.java:53) - 轮询异常：java.lang.NullPointerException
2018-12-25 02:59:47,964 [ERROR] com.foxhis.itf.service.impl.PoliceGenernal.run(PoliceGenernal.java:53) - 轮询异常：java.lang.NullPointerException
2018-12-25 03:04:47,970 [ERROR] com.foxhis.itf.service.impl.PoliceGenernal.run(PoliceGenernal.java:53) - 轮询异常：java.lang.NullPointerException
2018-12-25 03:09:47,965 [ERROR] com.foxhis.itf.service.impl.PoliceGenernal.run(PoliceGenernal.java:53) - 轮询异常：java.lang.NullPointerException
2018-12-25 03:14:47,966 [ERROR] com.foxhis.itf.service.impl.PoliceGenernal.run(PoliceGenernal.java:53) - 轮询异常：java.lang.NullPointerException
2018-12-25 03:19:47,968 [ERROR] com.foxhis.itf.service.impl.PoliceGenernal.run(PoliceGenernal.java:53) - 轮询异常：java.lang.NullPointerException
2018-12-25 03:24:47,966 [ERROR] com.foxhis.itf.service.impl.PoliceGenernal.run(PoliceGenernal.java:53) - 轮询异常：java.lang.NullPointerException
2018-12-25 03:29:47,962 [ERROR] com.foxhis.itf.service.impl.PoliceGenernal.run(PoliceGenernal.java:53) - 轮询异常：java.lang.NullPointerException
2018-12-25 03:34:47,963 [ERROR] com.foxhis.itf.service.impl.PoliceGenernal.run(PoliceGenernal.java:53) - 轮询异常：java.lang.NullPointerException
2018-12-25 03:39:47,962 [ERROR] com.foxhis.itf.service.impl.PoliceGenernal.run(PoliceGenernal.java:53) - 轮询异常：java.lang.NullPointerException
2018-12-25 03:44:47,963 [ERROR] com.foxhis.itf.service.impl.PoliceGenernal.run(PoliceGenernal.java:53) - 轮询异常：java.lang.NullPointerException
2018-12-25 03:49:47,965 [ERROR] com.foxhis.itf.service.impl.PoliceGenernal.run(PoliceGenernal.java:53) - 轮询异常：java.lang.NullPointerException
2018-12-25 03:54:47,966 [ERROR] com.foxhis.itf.service.impl.PoliceGenernal.run(PoliceGenernal.java:53) - 轮询异常：java.lang.NullPointerException
2018-12-25 03:59:47,963 [ERROR] com.foxhis.itf.service.impl.PoliceGenernal.run(PoliceGenernal.java:53) - 轮询异常：java.lang.NullPointerException
2018-12-25 04:04:47,968 [ERROR] com.foxhis.itf.service.impl.PoliceGenernal.run(PoliceGenernal.java:53) - 轮询异常：java.lang.NullPointerException
2018-12-25 04:09:47,969 [ERROR] com.foxhis.itf.service.impl.PoliceGenernal.run(PoliceGenernal.java:53) - 轮询异常：java.lang.NullPointerException
2018-12-25 04:14:47,967 [ERROR] com.foxhis.itf.service.impl.PoliceGenernal.run(PoliceGenernal.java:53) - 轮询异常：java.lang.NullPointerException
2018-12-25 04:19:47,961 [ERROR] com.foxhis.itf.service.impl.PoliceGenernal.run(PoliceGenernal.java:53) - 轮询异常：java.lang.NullPointerException
2018-12-25 04:24:47,968 [ERROR] com.foxhis.itf.service.impl.PoliceGenernal.run(PoliceGenernal.java:53) - 轮询异常：java.lang.NullPointerException
2018-12-25 04:29:47,966 [ERROR] com.foxhis.itf.service.impl.PoliceGenernal.run(PoliceGenernal.java:53) - 轮询异常：java.lang.NullPointerException
2018-12-25 04:34:47,967 [ERROR] com.foxhis.itf.service.impl.PoliceGenernal.run(PoliceGenernal.java:53) - 轮询异常：java.lang.NullPointerException
2018-12-25 04:39:47,963 [ERROR] com.foxhis.itf.service.impl.PoliceGenernal.run(PoliceGenernal.java:53) - 轮询异常：java.lang.NullPointerException
2018-12-25 04:44:47,962 [ERROR] com.foxhis.itf.service.impl.PoliceGenernal.run(PoliceGenernal.java:53) - 轮询异常：java.lang.NullPointerException
2018-12-25 04:49:47,964 [ERROR] com.foxhis.itf.service.impl.PoliceGenernal.run(PoliceGenernal.java:53) - 轮询异常：java.lang.NullPointerException
2018-12-25 04:54:47,968 [ERROR] com.foxhis.itf.service.impl.PoliceGenernal.run(PoliceGenernal.java:53) - 轮询异常：java.lang.NullPointerException
2018-12-25 04:59:47,970 [ERROR] com.foxhis.itf.service.impl.PoliceGenernal.run(PoliceGenernal.java:53) - 轮询异常：java.lang.NullPointerException
2018-12-25 05:04:47,961 [ERROR] com.foxhis.itf.service.impl.PoliceGenernal.run(PoliceGenernal.java:53) - 轮询异常：java.lang.NullPointerException
2018-12-25 05:09:47,961 [ERROR] com.foxhis.itf.service.impl.PoliceGenernal.run(PoliceGenernal.java:53) - 轮询异常：java.lang.NullPointerException
2018-12-25 05:14:47,967 [ERROR] com.foxhis.itf.service.impl.PoliceGenernal.run(PoliceGenernal.java:53) - 轮询异常：java.lang.NullPointerException
2018-12-25 05:19:47,961 [ERROR] com.foxhis.itf.service.impl.PoliceGenernal.run(PoliceGenernal.java:53) - 轮询异常：java.lang.NullPointerException
2018-12-25 05:24:47,964 [ERROR] com.foxhis.itf.service.impl.PoliceGenernal.run(PoliceGenernal.java:53) - 轮询异常：java.lang.NullPointerException
2018-12-25 05:29:47,967 [ERROR] com.foxhis.itf.service.impl.PoliceGenernal.run(PoliceGenernal.java:53) - 轮询异常：java.lang.NullPointerException
2018-12-25 05:34:47,967 [ERROR] com.foxhis.itf.service.impl.PoliceGenernal.run(PoliceGenernal.java:53) - 轮询异常：java.lang.NullPointerException
2018-12-25 05:39:47,969 [ERROR] com.foxhis.itf.service.impl.PoliceGenernal.run(PoliceGenernal.java:53) - 轮询异常：java.lang.NullPointerException
2018-12-25 05:44:47,964 [ERROR] com.foxhis.itf.service.impl.PoliceGenernal.run(PoliceGenernal.java:53) - 轮询异常：java.lang.NullPointerException
2018-12-25 05:49:47,971 [ERROR] com.foxhis.itf.service.impl.PoliceGenernal.run(PoliceGenernal.java:53) - 轮询异常：java.lang.NullPointerException
2018-12-25 05:54:47,970 [ERROR] com.foxhis.itf.service.impl.PoliceGenernal.run(PoliceGenernal.java:53) - 轮询异常：java.lang.NullPointerException
2018-12-25 05:59:47,961 [ERROR] com.foxhis.itf.service.impl.PoliceGenernal.run(PoliceGenernal.java:53) - 轮询异常：java.lang.NullPointerException
2018-12-25 06:04:47,970 [ERROR] com.foxhis.itf.service.impl.PoliceGenernal.run(PoliceGenernal.java:53) - 轮询异常：java.lang.NullPointerException
2018-12-25 06:09:47,965 [ERROR] com.foxhis.itf.service.impl.PoliceGenernal.run(PoliceGenernal.java:53) - 轮询异常：java.lang.NullPointerException
2018-12-25 06:14:47,967 [ERROR] com.foxhis.itf.service.impl.PoliceGenernal.run(PoliceGenernal.java:53) - 轮询异常：java.lang.NullPointerException
2018-12-25 06:19:47,971 [ERROR] com.foxhis.itf.service.impl.PoliceGenernal.run(PoliceGenernal.java:53) - 轮询异常：java.lang.NullPointerException
2018-12-25 06:24:47,967 [ERROR] com.foxhis.itf.service.impl.PoliceGenernal.run(PoliceGenernal.java:53) - 轮询异常：java.lang.NullPointerException
2018-12-25 06:29:47,962 [ERROR] com.foxhis.itf.service.impl.PoliceGenernal.run(PoliceGenernal.java:53) - 轮询异常：java.lang.NullPointerException
2018-12-25 06:34:47,968 [ERROR] com.foxhis.itf.service.impl.PoliceGenernal.run(PoliceGenernal.java:53) - 轮询异常：java.lang.NullPointerException
2018-12-25 06:39:47,970 [ERROR] com.foxhis.itf.service.impl.PoliceGenernal.run(PoliceGenernal.java:53) - 轮询异常：java.lang.NullPointerException
2018-12-25 06:44:47,962 [ERROR] com.foxhis.itf.service.impl.PoliceGenernal.run(PoliceGenernal.java:53) - 轮询异常：java.lang.NullPointerException
2018-12-25 06:49:47,964 [ERROR] com.foxhis.itf.service.impl.PoliceGenernal.run(PoliceGenernal.java:53) - 轮询异常：java.lang.NullPointerException
2018-12-25 06:54:47,967 [ERROR] com.foxhis.itf.service.impl.PoliceGenernal.run(PoliceGenernal.java:53) - 轮询异常：java.lang.NullPointerException
2018-12-25 06:59:47,967 [ERROR] com.foxhis.itf.service.impl.PoliceGenernal.run(PoliceGenernal.java:53) - 轮询异常：java.lang.NullPointerException
2018-12-25 07:04:47,967 [ERROR] com.foxhis.itf.service.impl.PoliceGenernal.run(PoliceGenernal.java:53) - 轮询异常：java.lang.NullPointerException
2018-12-25 07:09:47,969 [ERROR] com.foxhis.itf.service.impl.PoliceGenernal.run(PoliceGenernal.java:53) - 轮询异常：java.lang.NullPointerException
2018-12-25 07:14:47,970 [ERROR] com.foxhis.itf.service.impl.PoliceGenernal.run(PoliceGenernal.java:53) - 轮询异常：java.lang.NullPointerException
2018-12-25 07:19:47,961 [ERROR] com.foxhis.itf.service.impl.PoliceGenernal.run(PoliceGenernal.java:53) - 轮询异常：java.lang.NullPointerException
2018-12-25 07:24:47,969 [ERROR] com.foxhis.itf.service.impl.PoliceGenernal.run(PoliceGenernal.java:53) - 轮询异常：java.lang.NullPointerException
2018-12-25 07:29:47,965 [ERROR] com.foxhis.itf.service.impl.PoliceGenernal.run(PoliceGenernal.java:53) - 轮询异常：java.lang.NullPointerException
2018-12-25 07:34:47,963 [ERROR] com.foxhis.itf.service.impl.PoliceGenernal.run(PoliceGenernal.java:53) - 轮询异常：java.lang.NullPointerException
2018-12-25 07:39:47,969 [ERROR] com.foxhis.itf.service.impl.PoliceGenernal.run(PoliceGenernal.java:53) - 轮询异常：java.lang.NullPointerException
2018-12-25 07:44:47,965 [ERROR] com.foxhis.itf.service.impl.PoliceGenernal.run(PoliceGenernal.java:53) - 轮询异常：java.lang.NullPointerException
2018-12-25 07:49:47,967 [ERROR] com.foxhis.itf.service.impl.PoliceGenernal.run(PoliceGenernal.java:53) - 轮询异常：java.lang.NullPointerException
2018-12-25 07:54:47,966 [ERROR] com.foxhis.itf.service.impl.PoliceGenernal.run(PoliceGenernal.java:53) - 轮询异常：java.lang.NullPointerException
2018-12-25 07:59:47,965 [ERROR] com.foxhis.itf.service.impl.PoliceGenernal.run(PoliceGenernal.java:53) - 轮询异常：java.lang.NullPointerException
2018-12-25 08:04:47,962 [ERROR] com.foxhis.itf.service.impl.PoliceGenernal.run(PoliceGenernal.java:53) - 轮询异常：java.lang.NullPointerException
2018-12-25 08:09:47,968 [ERROR] com.foxhis.itf.service.impl.PoliceGenernal.run(PoliceGenernal.java:53) - 轮询异常：java.lang.NullPointerException
2018-12-25 08:14:47,970 [ERROR] com.foxhis.itf.service.impl.PoliceGenernal.run(PoliceGenernal.java:53) - 轮询异常：java.lang.NullPointerException
2018-12-25 08:19:47,969 [ERROR] com.foxhis.itf.service.impl.PoliceGenernal.run(PoliceGenernal.java:53) - 轮询异常：java.lang.NullPointerException
2018-12-25 08:24:47,967 [ERROR] com.foxhis.itf.service.impl.PoliceGenernal.run(PoliceGenernal.java:53) - 轮询异常：java.lang.NullPointerException
2018-12-25 08:29:47,967 [ERROR] com.foxhis.itf.service.impl.PoliceGenernal.run(PoliceGenernal.java:53) - 轮询异常：java.lang.NullPointerException
2018-12-25 08:34:47,969 [ERROR] com.foxhis.itf.service.impl.PoliceGenernal.run(PoliceGenernal.java:53) - 轮询异常：java.lang.NullPointerException
2018-12-25 08:39:47,963 [ERROR] com.foxhis.itf.service.impl.PoliceGenernal.run(PoliceGenernal.java:53) - 轮询异常：java.lang.NullPointerException
2018-12-25 08:44:47,966 [ERROR] com.foxhis.itf.service.impl.PoliceGenernal.run(PoliceGenernal.java:53) - 轮询异常：java.lang.NullPointerException
2018-12-25 08:49:47,969 [ERROR] com.foxhis.itf.service.impl.PoliceGenernal.run(PoliceGenernal.java:53) - 轮询异常：java.lang.NullPointerException
2018-12-25 08:54:47,969 [ERROR] com.foxhis.itf.service.impl.PoliceGenernal.run(PoliceGenernal.java:53) - 轮询异常：java.lang.NullPointerException
2018-12-25 08:59:47,961 [ERROR] com.foxhis.itf.service.impl.PoliceGenernal.run(PoliceGenernal.java:53) - 轮询异常：java.lang.NullPointerException
2018-12-25 09:04:47,962 [ERROR] com.foxhis.itf.service.impl.PoliceGenernal.run(PoliceGenernal.java:53) - 轮询异常：java.lang.NullPointerException
2018-12-25 09:09:47,969 [ERROR] com.foxhis.itf.service.impl.PoliceGenernal.run(PoliceGenernal.java:53) - 轮询异常：java.lang.NullPointerException
2018-12-25 09:14:47,964 [ERROR] com.foxhis.itf.service.impl.PoliceGenernal.run(PoliceGenernal.java:53) - 轮询异常：java.lang.NullPointerException
2018-12-25 09:19:47,964 [ERROR] com.foxhis.itf.service.impl.PoliceGenernal.run(PoliceGenernal.java:53) - 轮询异常：java.lang.NullPointerException
2018-12-25 09:24:47,966 [ERROR] com.foxhis.itf.service.impl.PoliceGenernal.run(PoliceGenernal.java:53) - 轮询异常：java.lang.NullPointerException
2018-12-25 09:29:47,963 [ERROR] com.foxhis.itf.service.impl.PoliceGenernal.run(PoliceGenernal.java:53) - 轮询异常：java.lang.NullPointerException
2018-12-25 14:53:12,393 [ERROR] com.foxhis.itf.main.Main.main(Main.java:106) - 连接数据库失败或者加载实例失败
org.springframework.beans.factory.BeanCreationException: Error creating bean with name 'logframe' defined in file [F:\git\XCSItfGenServer\target\classes\com\foxhis\itf\main\LogFrame.class]: Instantiation of bean failed; nested exception is org.springframework.beans.BeanInstantiationException: Failed to instantiate [com.foxhis.itf.main.LogFrame]: Constructor threw exception; nested exception is java.lang.NullPointerException
	at org.springframework.beans.factory.support.AbstractAutowireCapableBeanFactory.instantiateBean(AbstractAutowireCapableBeanFactory.java:1116)
	at org.springframework.beans.factory.support.AbstractAutowireCapableBeanFactory.createBeanInstance(AbstractAutowireCapableBeanFactory.java:1060)
	at org.springframework.beans.factory.support.AbstractAutowireCapableBeanFactory.doCreateBean(AbstractAutowireCapableBeanFactory.java:513)
	at org.springframework.beans.factory.support.AbstractAutowireCapableBeanFactory.createBean(AbstractAutowireCapableBeanFactory.java:483)
	at org.springframework.beans.factory.support.AbstractBeanFactory$1.getObject(AbstractBeanFactory.java:306)
	at org.springframework.beans.factory.support.DefaultSingletonBeanRegistry.getSingleton(DefaultSingletonBeanRegistry.java:230)
	at org.springframework.beans.factory.support.AbstractBeanFactory.doGetBean(AbstractBeanFactory.java:302)
	at org.springframework.beans.factory.support.AbstractBeanFactory.getBean(AbstractBeanFactory.java:197)
	at org.springframework.beans.factory.support.DefaultListableBeanFactory.preInstantiateSingletons(DefaultListableBeanFactory.java:759)
	at org.springframework.context.support.AbstractApplicationContext.finishBeanFactoryInitialization(AbstractApplicationContext.java:866)
	at org.springframework.context.support.AbstractApplicationContext.refresh(AbstractApplicationContext.java:542)
	at org.springframework.context.support.ClassPathXmlApplicationContext.<init>(ClassPathXmlApplicationContext.java:139)
	at org.springframework.context.support.ClassPathXmlApplicationContext.<init>(ClassPathXmlApplicationContext.java:83)
	at com.foxhis.itf.main.Main.main(Main.java:95)
Caused by: org.springframework.beans.BeanInstantiationException: Failed to instantiate [com.foxhis.itf.main.LogFrame]: Constructor threw exception; nested exception is java.lang.NullPointerException
	at org.springframework.beans.BeanUtils.instantiateClass(BeanUtils.java:154)
	at org.springframework.beans.factory.support.SimpleInstantiationStrategy.instantiate(SimpleInstantiationStrategy.java:89)
	at org.springframework.beans.factory.support.AbstractAutowireCapableBeanFactory.instantiateBean(AbstractAutowireCapableBeanFactory.java:1108)
	... 13 more
Caused by: java.lang.NullPointerException
	at com.foxhis.itf.main.LogFrame.initLog(LogFrame.java:221)
	at com.foxhis.itf.main.LogFrame.<init>(LogFrame.java:88)
	at sun.reflect.NativeConstructorAccessorImpl.newInstance0(Native Method)
	at sun.reflect.NativeConstructorAccessorImpl.newInstance(NativeConstructorAccessorImpl.java:39)
	at sun.reflect.DelegatingConstructorAccessorImpl.newInstance(DelegatingConstructorAccessorImpl.java:27)
	at java.lang.reflect.Constructor.newInstance(Constructor.java:513)
	at org.springframework.beans.BeanUtils.instantiateClass(BeanUtils.java:142)
	... 15 more
2018-12-25 14:58:11,524 [ERROR] com.foxhis.itf.main.Main.main(Main.java:106) - 连接数据库失败或者加载实例失败
org.springframework.beans.factory.BeanCreationException: Error creating bean with name 'logframe' defined in file [F:\git\XCSItfGenServer\target\classes\com\foxhis\itf\main\LogFrame.class]: Instantiation of bean failed; nested exception is org.springframework.beans.BeanInstantiationException: Failed to instantiate [com.foxhis.itf.main.LogFrame]: Constructor threw exception; nested exception is java.lang.NullPointerException
	at org.springframework.beans.factory.support.AbstractAutowireCapableBeanFactory.instantiateBean(AbstractAutowireCapableBeanFactory.java:1116)
	at org.springframework.beans.factory.support.AbstractAutowireCapableBeanFactory.createBeanInstance(AbstractAutowireCapableBeanFactory.java:1060)
	at org.springframework.beans.factory.support.AbstractAutowireCapableBeanFactory.doCreateBean(AbstractAutowireCapableBeanFactory.java:513)
	at org.springframework.beans.factory.support.AbstractAutowireCapableBeanFactory.createBean(AbstractAutowireCapableBeanFactory.java:483)
	at org.springframework.beans.factory.support.AbstractBeanFactory$1.getObject(AbstractBeanFactory.java:306)
	at org.springframework.beans.factory.support.DefaultSingletonBeanRegistry.getSingleton(DefaultSingletonBeanRegistry.java:230)
	at org.springframework.beans.factory.support.AbstractBeanFactory.doGetBean(AbstractBeanFactory.java:302)
	at org.springframework.beans.factory.support.AbstractBeanFactory.getBean(AbstractBeanFactory.java:197)
	at org.springframework.beans.factory.support.DefaultListableBeanFactory.preInstantiateSingletons(DefaultListableBeanFactory.java:759)
	at org.springframework.context.support.AbstractApplicationContext.finishBeanFactoryInitialization(AbstractApplicationContext.java:866)
	at org.springframework.context.support.AbstractApplicationContext.refresh(AbstractApplicationContext.java:542)
	at org.springframework.context.support.ClassPathXmlApplicationContext.<init>(ClassPathXmlApplicationContext.java:139)
	at org.springframework.context.support.ClassPathXmlApplicationContext.<init>(ClassPathXmlApplicationContext.java:83)
	at com.foxhis.itf.main.Main.main(Main.java:95)
Caused by: org.springframework.beans.BeanInstantiationException: Failed to instantiate [com.foxhis.itf.main.LogFrame]: Constructor threw exception; nested exception is java.lang.NullPointerException
	at org.springframework.beans.BeanUtils.instantiateClass(BeanUtils.java:154)
	at org.springframework.beans.factory.support.SimpleInstantiationStrategy.instantiate(SimpleInstantiationStrategy.java:89)
	at org.springframework.beans.factory.support.AbstractAutowireCapableBeanFactory.instantiateBean(AbstractAutowireCapableBeanFactory.java:1108)
	... 13 more
Caused by: java.lang.NullPointerException
	at com.foxhis.itf.main.LogFrame.initLog(LogFrame.java:221)
	at com.foxhis.itf.main.LogFrame.<init>(LogFrame.java:88)
	at sun.reflect.NativeConstructorAccessorImpl.newInstance0(Native Method)
	at sun.reflect.NativeConstructorAccessorImpl.newInstance(NativeConstructorAccessorImpl.java:39)
	at sun.reflect.DelegatingConstructorAccessorImpl.newInstance(DelegatingConstructorAccessorImpl.java:27)
	at java.lang.reflect.Constructor.newInstance(Constructor.java:513)
	at org.springframework.beans.BeanUtils.instantiateClass(BeanUtils.java:142)
	... 15 more
2018-12-25 14:59:34,988 [ERROR] com.foxhis.itf.main.Main.main(Main.java:106) - 连接数据库失败或者加载实例失败
org.springframework.beans.factory.UnsatisfiedDependencyException: Error creating bean with name 'logframe': Unsatisfied dependency expressed through field 'logFileObserver'; nested exception is org.springframework.beans.factory.BeanCreationException: Error creating bean with name 'fileobserver' defined in class path resource [applicationContext.xml]: Cannot resolve reference to bean 'filterImpl' while setting constructor argument; nested exception is org.springframework.beans.factory.UnsatisfiedDependencyException: Error creating bean with name 'filterImpl' defined in class path resource [applicationContext.xml]: Unsatisfied dependency expressed through constructor parameter 0: Could not convert argument value of type [java.lang.String] to required type [com.foxhis.itf.main.LogFrame]: Failed to convert value of type 'java.lang.String' to required type 'com.foxhis.itf.main.LogFrame'; nested exception is java.lang.IllegalStateException: Cannot convert value of type 'java.lang.String' to required type 'com.foxhis.itf.main.LogFrame': no matching editors or conversion strategy found
	at org.springframework.beans.factory.annotation.AutowiredAnnotationBeanPostProcessor$AutowiredFieldElement.inject(AutowiredAnnotationBeanPostProcessor.java:588)
	at org.springframework.beans.factory.annotation.InjectionMetadata.inject(InjectionMetadata.java:88)
	at org.springframework.beans.factory.annotation.AutowiredAnnotationBeanPostProcessor.postProcessPropertyValues(AutowiredAnnotationBeanPostProcessor.java:366)
	at org.springframework.beans.factory.support.AbstractAutowireCapableBeanFactory.populateBean(AbstractAutowireCapableBeanFactory.java:1225)
	at org.springframework.beans.factory.support.AbstractAutowireCapableBeanFactory.doCreateBean(AbstractAutowireCapableBeanFactory.java:552)
	at org.springframework.beans.factory.support.AbstractAutowireCapableBeanFactory.createBean(AbstractAutowireCapableBeanFactory.java:483)
	at org.springframework.beans.factory.support.AbstractBeanFactory$1.getObject(AbstractBeanFactory.java:306)
	at org.springframework.beans.factory.support.DefaultSingletonBeanRegistry.getSingleton(DefaultSingletonBeanRegistry.java:230)
	at org.springframework.beans.factory.support.AbstractBeanFactory.doGetBean(AbstractBeanFactory.java:302)
	at org.springframework.beans.factory.support.AbstractBeanFactory.getBean(AbstractBeanFactory.java:197)
	at org.springframework.beans.factory.support.DefaultListableBeanFactory.preInstantiateSingletons(DefaultListableBeanFactory.java:759)
	at org.springframework.context.support.AbstractApplicationContext.finishBeanFactoryInitialization(AbstractApplicationContext.java:866)
	at org.springframework.context.support.AbstractApplicationContext.refresh(AbstractApplicationContext.java:542)
	at org.springframework.context.support.ClassPathXmlApplicationContext.<init>(ClassPathXmlApplicationContext.java:139)
	at org.springframework.context.support.ClassPathXmlApplicationContext.<init>(ClassPathXmlApplicationContext.java:83)
	at com.foxhis.itf.main.Main.main(Main.java:95)
Caused by: org.springframework.beans.factory.BeanCreationException: Error creating bean with name 'fileobserver' defined in class path resource [applicationContext.xml]: Cannot resolve reference to bean 'filterImpl' while setting constructor argument; nested exception is org.springframework.beans.factory.UnsatisfiedDependencyException: Error creating bean with name 'filterImpl' defined in class path resource [applicationContext.xml]: Unsatisfied dependency expressed through constructor parameter 0: Could not convert argument value of type [java.lang.String] to required type [com.foxhis.itf.main.LogFrame]: Failed to convert value of type 'java.lang.String' to required type 'com.foxhis.itf.main.LogFrame'; nested exception is java.lang.IllegalStateException: Cannot convert value of type 'java.lang.String' to required type 'com.foxhis.itf.main.LogFrame': no matching editors or conversion strategy found
	at org.springframework.beans.factory.support.BeanDefinitionValueResolver.resolveReference(BeanDefinitionValueResolver.java:359)
	at org.springframework.beans.factory.support.BeanDefinitionValueResolver.resolveValueIfNecessary(BeanDefinitionValueResolver.java:108)
	at org.springframework.beans.factory.support.ConstructorResolver.resolveConstructorArguments(ConstructorResolver.java:634)
	at org.springframework.beans.factory.support.ConstructorResolver.autowireConstructor(ConstructorResolver.java:145)
	at org.springframework.beans.factory.support.AbstractAutowireCapableBeanFactory.autowireConstructor(AbstractAutowireCapableBeanFactory.java:1154)
	at org.springframework.beans.factory.support.AbstractAutowireCapableBeanFactory.createBeanInstance(AbstractAutowireCapableBeanFactory.java:1056)
	at org.springframework.beans.factory.support.AbstractAutowireCapableBeanFactory.doCreateBean(AbstractAutowireCapableBeanFactory.java:513)
	at org.springframework.beans.factory.support.AbstractAutowireCapableBeanFactory.createBean(AbstractAutowireCapableBeanFactory.java:483)
	at org.springframework.beans.factory.support.AbstractBeanFactory$1.getObject(AbstractBeanFactory.java:306)
	at org.springframework.beans.factory.support.DefaultSingletonBeanRegistry.getSingleton(DefaultSingletonBeanRegistry.java:230)
	at org.springframework.beans.factory.support.AbstractBeanFactory.doGetBean(AbstractBeanFactory.java:302)
	at org.springframework.beans.factory.support.AbstractBeanFactory.getBean(AbstractBeanFactory.java:202)
	at org.springframework.beans.factory.config.DependencyDescriptor.resolveCandidate(DependencyDescriptor.java:207)
	at org.springframework.beans.factory.support.DefaultListableBeanFactory.doResolveDependency(DefaultListableBeanFactory.java:1136)
	at org.springframework.beans.factory.support.DefaultListableBeanFactory.resolveDependency(DefaultListableBeanFactory.java:1064)
	at org.springframework.beans.factory.annotation.AutowiredAnnotationBeanPostProcessor$AutowiredFieldElement.inject(AutowiredAnnotationBeanPostProcessor.java:585)
	... 15 more
Caused by: org.springframework.beans.factory.UnsatisfiedDependencyException: Error creating bean with name 'filterImpl' defined in class path resource [applicationContext.xml]: Unsatisfied dependency expressed through constructor parameter 0: Could not convert argument value of type [java.lang.String] to required type [com.foxhis.itf.main.LogFrame]: Failed to convert value of type 'java.lang.String' to required type 'com.foxhis.itf.main.LogFrame'; nested exception is java.lang.IllegalStateException: Cannot convert value of type 'java.lang.String' to required type 'com.foxhis.itf.main.LogFrame': no matching editors or conversion strategy found
	at org.springframework.beans.factory.support.ConstructorResolver.createArgumentArray(ConstructorResolver.java:723)
	at org.springframework.beans.factory.support.ConstructorResolver.autowireConstructor(ConstructorResolver.java:189)
	at org.springframework.beans.factory.support.AbstractAutowireCapableBeanFactory.autowireConstructor(AbstractAutowireCapableBeanFactory.java:1154)
	at org.springframework.beans.factory.support.AbstractAutowireCapableBeanFactory.createBeanInstance(AbstractAutowireCapableBeanFactory.java:1056)
	at org.springframework.beans.factory.support.AbstractAutowireCapableBeanFactory.doCreateBean(AbstractAutowireCapableBeanFactory.java:513)
	at org.springframework.beans.factory.support.AbstractAutowireCapableBeanFactory.createBean(AbstractAutowireCapableBeanFactory.java:483)
	at org.springframework.beans.factory.support.AbstractBeanFactory$1.getObject(AbstractBeanFactory.java:306)
	at org.springframework.beans.factory.support.DefaultSingletonBeanRegistry.getSingleton(DefaultSingletonBeanRegistry.java:230)
	at org.springframework.beans.factory.support.AbstractBeanFactory.doGetBean(AbstractBeanFactory.java:302)
	at org.springframework.beans.factory.support.AbstractBeanFactory.getBean(AbstractBeanFactory.java:197)
	at org.springframework.beans.factory.support.BeanDefinitionValueResolver.resolveReference(BeanDefinitionValueResolver.java:351)
	... 30 more
2018-12-25 15:06:32,687 [ INFO] com.foxhis.itf.main.Main.main(Main.java:100) - 打开循环调度器成功,循环时间为:300秒
2018-12-25 15:06:32,687 [ERROR] com.foxhis.itf.service.impl.PoliceGenernal.run(PoliceGenernal.java:53) - 轮询异常：java.lang.NullPointerException
2018-12-25 15:06:32,703 [ INFO] com.foxhis.itf.main.Main.main(Main.java:120) - 启动公安服务成功...
2018-12-25 15:06:58,696 [ INFO] com.foxhis.itf.main.Main$6.actionPerformed(Main.java:196) - 服务已正常退出..
